24 49 90 63 22 23 84 96 38 14
0
20 49 90 63 22 23 84 96 43 13
1
0 0 0 0 0 0 14 0 6 0
24 49 90 63 22 15 84 96 23 16
1
0 0 20 0 0 1 23 0 0 0
24 49 90 63 22 20 84 96 43 17
1
0 0 5 0 0 0 44 0 0 0
18 49 90 63 22 10 84 96 47 14
1
0 0 0 1 0 0 0 0 6 0
22 49 90 63 22 13 84 96 45 18
2
0 0 22 0 0 0 0 0 5 0
0 0 22 0 0 0 0 0 5 0
14 49 81 63 22 9 84 96 33 18
5
0 0 0 0 0 0 3 0 8 0
0 0 7 0 0 0 8 0 6 0
0 0 3 0 0 0 6 0 7 0
0 0 0 0 0 0 3 0 8 0
0 0 9 0 0 0 29 0 2 0
20 49 90 63 22 12 84 92 2 15
3
0 0 0 0 0 0 14 0 6 0
0 0 0 0 0 0 49 0 0 0
0 0 0 0 0 0 3 0 8 0
19 49 90 63 22 22 65 96 17 14
1
0 0 14 0 5 0 25 0 0 0
22 49 90 63 22 16 84 95 47 14
1
0 0 1 0 13 0 21 0 0 0
23 49 90 63 22 10 84 96 44 18
2
2 0 0 0 0 0 25 0 0 0
0 0 0 0 6 0 35 0 0 0
20 49 90 63 19 10 84 92 26 16
1
0 0 0 0 15 0 7 1 0 0
23 49 90 63 20 15 84 93 47 18
0
25 49 90 63 22 12 84 96 39 16
0
23 49 90 63 22 21 84 88 36 18
0
25 49 90 63 22 8 84 75 40 12
1
0 0 0 0 16 0 5 0 0 0
23 49 90 63 22 8 84 96 39 15
0
25 49 90 63 22 18 84 96 31 18
1
0 0 0 0 13 0 0 0 0 2
25 49 90 63 19 13 84 88 29 8
2
0 0 1 0 1 0 0 0 8 0
0 0 4 0 5 0 0 0 6 0
23 49 90 63 22 22 84 96 25 18
0
927383