0 0 0 0 6 0 0 15 0
0
0 0 0 0 6 0 0 17 0
0
0 0 0 0 6 0 0 20 0
0
0 0 0 0 6 0 0 24 0
0
0 0 0 0 5 0 0 32 0
0
2 0 0 0 6 1 0 36 0
0
2 1 0 0 6 9 0 36 0
0
2 1 0 0 6 18 0 36 0
0
2 6 1 0 6 23 0 36 0
0
2 6 5 0 6 23 0 36 0
8
0 0 0 0 0 3 0 0 0
0 0 0 0 0 0 0 2 0
0 0 0 0 0 0 0 2 0
0 0 0 0 0 2 0 0 0
0 0 0 0 0 0 0 2 0
0 0 0 0 0 0 0 2 0
0 0 0 0 0 0 0 2 0
0 0 0 0 0 0 0 2 0
0 0 0 0 6 0 0 23 0
0
2 0 0 0 6 11 0 36 0
0
2 0 0 0 6 17 0 36 0
0
2 6 0 0 6 23 0 36 0
0
2 6 8 0 6 23 0 36 0
1
0 0 2 0 0 0 0 0 0
2 6 6 0 6 23 0 36 0
3
0 0 0 0 0 0 0 2 0
0 0 0 0 0 0 0 2 0
0 0 0 0 0 0 0 2 0
2 6 8 0 6 23 0 30 0
0
2 6 8 0 6 23 0 36 0
0
2 6 8 0 6 23 0 36 0
0
2 6 8 0 6 23 0 36 0
0
2 6 8 0 6 23 0 36 0
7
0 0 0 0 0 0 0 2 0
0 0 0 0 0 0 0 2 0
0 0 0 0 0 0 0 2 0
0 0 0 0 0 0 0 2 0
0 0 0 0 0 0 0 2 0
0 0 0 0 0 0 0 2 0
0 0 0 0 0 0 0 2 0
2 6 8 0 6 23 0 22 0
7
0 0 0 0 0 0 0 2 0
0 0 0 0 0 0 0 2 0
0 0 0 0 0 0 0 2 0
0 0 0 0 0 0 0 2 0
0 0 0 0 0 0 0 2 0
0 0 0 0 0 0 0 2 0
0 0 0 0 0 0 0 2 0
2 6 4 0 6 23 0 22 0
0
2 6 8 0 6 23 0 36 0
0
2 6 8 0 6 23 0 36 0
0
2 6 8 0 6 23 0 36 0
11
0 0 0 0 0 3 0 0 0
0 0 0 0 0 3 0 0 0
0 0 0 0 0 3 0 0 0
0 0 0 0 0 3 0 0 0
0 0 2 0 0 0 0 0 0
0 0 0 0 0 3 0 0 0
0 0 0 0 0 3 0 0 0
0 0 2 0 0 0 0 0 0
0 0 0 0 0 3 0 0 0
0 0 2 0 0 0 0 0 0
0 0 2 0 0 0 0 0 0
0 0 0 0 4 0 0 33 0
0
2 6 4 0 6 23 0 36 0
0
2 6 8 0 6 23 0 36 0
0
2 6 8 0 6 23 0 36 0
0
2 6 8 0 6 23 0 36 0
0
2 6 8 0 6 23 0 36 0
3
0 0 0 0 0 3 0 0 0
0 0 0 0 0 3 0 0 0
0 0 0 0 0 3 0 0 0
2 6 8 0 6 15 0 36 0
0
2 6 8 0 6 23 0 36 0
0
2 6 8 0 6 23 0 36 0
1
0 0 0 0 0 0 0 2 0
2 6 8 0 6 23 0 34 0
2
0 0 0 0 0 3 0 0 0
0 0 0 0 0 3 0 0 0
2 6 8 0 6 17 0 36 0
1
0 2 0 0 0 0 0 0 0
2 4 8 0 6 23 0 36 0
0
2 6 8 0 6 23 0 36 0
0
2 6 8 0 6 23 0 36 0
8
0 0 0 0 0 0 0 2 0
0 0 0 0 0 0 0 2 0
0 0 0 0 0 0 0 2 0
0 0 0 0 0 0 0 2 0
0 0 0 0 0 0 0 2 0
0 0 0 0 0 0 0 2 0
0 0 0 0 0 0 0 2 0
0 0 0 0 0 0 0 2 0
2 6 8 0 6 23 0 20 0
0
2 6 8 0 6 23 0 36 0
2
0 0 0 0 0 3 0 0 0
0 0 0 0 0 3 0 0 0
2 6 8 0 6 18 0 36 0
1
0 0 0 0 0 0 0 2 0
2 6 8 0 6 23 0 34 0
1
0 0 0 0 0 0 0 2 0
2 6 8 0 6 23 0 34 0
5
0 0 0 0 0 0 0 2 0
0 0 0 0 0 0 0 2 0
0 0 0 0 0 0 0 2 0
0 0 0 0 0 0 0 2 0
0 0 0 0 0 0 0 2 0
2 6 8 0 6 23 0 26 0
1
0 2 0 0 0 0 0 0 0
2 4 8 0 6 23 0 36 0
0
2 6 8 0 6 23 0 36 0
0
2 6 8 0 6 23 0 36 0
0
2 6 8 0 6 23 0 36 0
0
2 6 8 0 6 23 0 36 0
0
2 6 8 0 6 23 0 36 0
3
0 0 2 0 0 0 0 0 0
0 0 2 0 0 0 0 0 0
0 0 2 0 0 0 0 0 0
2 6 2 0 6 23 0 36 0
3
0 0 2 0 0 0 0 0 0
0 2 0 0 0 0 0 0 0
0 2 0 0 0 0 0 0 0
2 2 6 0 6 23 0 36 0
0
2 6 8 0 6 23 0 36 0
0
2 6 8 0 6 23 0 36 0
1
0 0 2 0 0 0 0 0 0
2 6 6 0 6 23 0 36 0
7
0 0 0 0 0 0 0 2 0
0 0 0 0 0 0 0 2 0
0 0 0 0 0 0 0 2 0
0 0 0 0 0 0 0 2 0
0 0 0 0 0 0 0 2 0
0 0 0 0 0 0 0 2 0
0 0 0 0 0 0 0 2 0
2 6 8 0 6 23 0 22 0
0
2 6 8 0 6 23 0 36 0
0
2 6 8 0 6 23 0 36 0
0
2 6 8 0 6 23 0 36 0
0
2 6 8 0 6 23 0 36 0
2
0 0 2 0 0 0 0 0 0
0 0 2 0 0 0 0 0 0
2 6 4 0 6 23 0 36 0
11
0 0 0 0 0 3 0 0 0
0 0 0 0 0 3 0 0 0
0 0 0 0 0 1 0 1 0
0 0 0 0 0 0 0 2 0
0 0 0 0 0 0 0 2 0
0 0 0 0 0 0 0 2 0
0 0 0 0 0 0 0 2 0
0 0 0 0 0 3 0 0 0
0 0 0 0 0 0 0 2 0
0 0 0 0 0 0 0 2 0
0 0 0 0 0 0 0 2 0
2 6 8 0 6 13 0 21 0
0
2 6 8 0 6 23 0 36 0
1
0 0 2 0 0 0 0 0 0
2 6 6 0 6 23 0 36 0
3
0 0 0 0 0 0 0 2 0
0 0 0 0 0 0 0 2 0
0 0 0 0 0 0 0 2 0
2 6 8 0 6 23 0 30 0
0
2 6 8 0 6 23 0 36 0
2
0 0 0 0 0 3 0 0 0
0 0 0 0 0 3 0 0 0
2 6 8 0 6 17 0 36 0
4
0 0 0 0 0 3 0 0 0
0 0 0 0 0 3 0 0 0
0 0 0 0 0 3 0 0 0
0 0 0 0 0 3 0 0 0
2 6 8 0 6 12 0 36 0
0
2 6 8 0 6 23 0 36 0
11
0 0 0 0 0 0 0 2 0
0 0 0 0 0 0 0 2 0
0 0 0 0 0 0 0 2 0
0 0 0 0 0 0 0 2 0
0 0 0 0 0 0 0 2 0
0 0 0 0 0 0 0 2 0
0 0 0 0 0 0 0 2 0
0 0 0 0 0 0 0 2 0
0 0 0 0 0 0 0 2 0
0 0 0 0 0 0 0 2 0
0 0 0 0 0 0 0 2 0
2 6 8 0 6 23 0 14 0
0
2 6 8 0 6 23 0 36 0
0
2 6 8 0 6 23 0 36 0
2
0 0 2 0 0 0 0 0 0
0 0 2 0 0 0 0 0 0
2 6 4 0 6 23 0 36 0
1
0 0 0 0 0 0 0 2 0
2 6 8 0 6 23 0 34 0
0
2 6 8 0 6 23 0 36 0
1
0 2 0 0 0 0 0 0 0
2 4 8 0 6 23 0 36 0
0
2 6 8 0 6 23 0 36 0
8
0 0 2 0 0 0 0 0 0
0 0 0 0 0 0 0 2 0
0 0 0 0 0 0 0 2 0
0 0 0 0 0 0 0 2 0
0 0 0 0 0 0 0 2 0
0 0 2 0 0 0 0 0 0
0 0 0 0 0 0 0 2 0
0 0 2 0 0 0 0 0 0
2 6 2 0 6 23 0 26 0
0
2 6 8 0 6 23 0 36 0
2
0 0 0 0 0 0 0 2 0
0 2 0 0 0 0 0 0 0
2 4 8 0 6 23 0 34 0
0
2 6 8 0 6 23 0 36 0
0
2 6 8 0 6 23 0 36 0
1
0 0 0 0 0 2 0 0 0
2 6 8 0 6 21 0 36 0
13
0 0 2 0 0 0 0 0 0
0 0 1 0 0 0 0 1 0
0 0 0 0 0 0 0 2 0
0 0 0 0 0 0 0 2 0
0 0 0 0 0 0 0 2 0
0 0 0 0 0 0 0 2 0
0 0 0 0 0 0 0 2 0
0 0 0 0 0 0 0 2 0
0 0 0 0 0 0 0 2 0
0 0 0 0 0 0 0 2 0
0 0 0 0 0 0 0 2 0
0 0 0 0 0 0 0 2 0
0 0 0 0 0 0 0 2 0
2 6 5 0 6 23 0 13 0
0
2 6 8 0 6 23 0 36 0
0
2 6 8 0 6 23 0 36 0
2
0 2 0 0 0 0 0 0 0
0 2 0 0 0 0 0 0 0
2 2 8 0 6 23 0 36 0
0
2 6 8 0 6 23 0 36 0
0
2 6 8 0 6 23 0 36 0
2
0 0 0 0 0 3 0 0 0
0 0 0 0 0 3 0 0 0
2 6 8 0 6 17 0 36 0
0
2 6 8 0 6 23 0 36 0
0
2 6 8 0 6 23 0 36 0
0
2 6 8 0 6 23 0 36 0
0
2 6 8 0 6 23 0 36 0
2
0 0 2 0 0 0 0 0 0
0 0 2 0 0 0 0 0 0
2 6 4 0 6 23 0 36 0
4
0 0 0 0 0 0 0 2 0
0 0 0 0 0 1 0 1 0
0 0 0 0 0 3 0 0 0
0 0 0 0 0 3 0 0 0
2 6 8 0 6 16 0 33 0
0
2 6 8 0 6 23 0 36 0
0
2 6 8 0 6 23 0 36 0
2
0 0 2 0 0 0 0 0 0
0 0 2 0 0 0 0 0 0
2 6 4 0 6 23 0 36 0
0
2 6 8 0 6 23 0 36 0
3
0 2 0 0 0 0 0 0 0
0 2 0 0 0 0 0 0 0
0 2 0 0 0 0 0 0 0
2 0 8 0 6 23 0 36 0
8
0 0 0 0 0 0 0 2 0
0 0 0 0 0 0 0 2 0
0 0 0 0 0 1 0 1 0
0 0 0 0 0 3 0 0 0
0 0 0 0 0 3 0 0 0
0 0 0 0 0 3 0 0 0
0 0 0 0 0 3 0 0 0
0 0 0 0 0 3 0 0 0
2 6 8 0 6 7 0 31 0
5
0 0 0 0 0 3 0 0 0
0 0 0 0 0 3 0 0 0
0 0 0 0 0 3 0 0 0
0 0 0 0 0 3 0 0 0
0 0 0 0 0 3 0 0 0
2 6 8 0 6 8 0 36 0
5
0 0 0 0 0 3 0 0 0
0 0 0 0 0 3 0 0 0
0 0 0 0 0 3 0 0 0
0 0 0 0 0 3 0 0 0
0 0 0 0 0 3 0 0 0
2 6 8 0 6 9 0 36 0
0
2 6 8 0 6 23 0 36 0
8
0 0 0 0 0 0 0 2 0
0 0 0 0 0 0 0 2 0
0 0 0 0 0 0 0 2 0
0 0 0 0 0 0 0 2 0
0 0 0 0 0 0 0 2 0
0 0 0 0 0 0 0 2 0
0 0 0 0 0 0 0 2 0
0 0 0 0 0 0 0 2 0
2 6 8 0 6 23 0 20 0
2
0 0 0 0 0 0 0 2 0
0 0 0 0 0 0 0 2 0
2 6 8 0 6 23 0 32 0
1
0 0 0 0 0 3 0 0 0
2 6 8 0 6 20 0 36 0
0
2 6 8 0 6 23 0 36 0
0
2 6 8 0 6 23 0 36 0
4
0 0 0 0 0 0 0 2 0
0 0 0 0 0 0 0 2 0
0 0 0 0 0 0 0 2 0
0 0 0 0 0 0 0 2 0
2 6 8 0 6 23 0 28 0
0
2 6 8 0 6 23 0 36 0
5
0 0 0 0 0 3 0 0 0
0 0 0 0 0 3 0 0 0
0 0 0 0 0 3 0 0 0
0 0 0 0 0 3 0 0 0
0 0 0 0 0 3 0 0 0
2 6 8 0 6 8 0 36 0
0
2 6 8 0 6 23 0 36 0
1
0 0 2 0 0 0 0 0 0
2 6 6 0 6 23 0 36 0
0
2 6 8 0 6 23 0 36 0
1
0 0 2 0 0 0 0 0 0
2 6 6 0 6 23 0 36 0
2
0 0 0 0 0 0 0 2 0
0 0 0 0 0 0 0 2 0
2 6 8 0 6 23 0 32 0
0
2 6 8 0 6 23 0 36 0
1
0 2 0 0 0 0 0 0 0
2 4 8 0 6 23 0 36 0
1
0 0 0 0 0 0 0 2 0
2 6 8 0 6 23 0 34 0
7
0 0 0 0 0 0 0 2 0
0 0 0 0 0 0 0 2 0
0 0 0 0 0 0 0 2 0
0 0 0 0 0 0 0 2 0
0 0 0 0 0 0 0 2 0
0 0 0 0 0 0 0 2 0
0 0 0 0 0 0 0 2 0
2 6 8 0 6 23 0 22 0
3
0 0 2 0 0 0 0 0 0
0 0 2 0 0 0 0 0 0
0 0 2 0 0 0 0 0 0
2 6 2 0 6 23 0 36 0
0
2 6 8 0 6 23 0 36 0
0
2 6 8 0 6 23 0 36 0
0
2 6 8 0 6 23 0 36 0
7
0 0 0 0 0 3 0 0 0
0 0 0 0 0 3 0 0 0
0 0 0 0 0 3 0 0 0
0 0 0 0 0 3 0 0 0
0 0 0 0 0 3 0 0 0
0 0 0 0 0 3 0 0 0
0 0 0 0 0 3 0 0 0
2 6 8 0 6 3 0 36 0
11
0 0 2 0 0 0 0 0 0
0 0 1 0 0 0 0 1 0
0 0 0 0 0 0 0 2 0
0 0 0 0 0 0 0 2 0
0 0 0 0 0 0 0 2 0
0 0 0 0 0 0 0 2 0
0 0 0 0 0 0 0 2 0
0 0 0 0 0 0 0 2 0
0 0 0 0 0 0 0 2 0
0 0 0 0 0 0 0 2 0
0 0 2 0 0 0 0 0 0
2 6 3 0 6 23 0 19 0
5
0 0 0 0 0 0 0 2 0
0 0 0 0 0 0 0 2 0
0 0 0 0 0 0 0 2 0
0 0 0 0 0 0 0 2 0
0 0 0 0 0 0 0 2 0
2 6 8 0 6 23 0 26 0
0
2 6 8 0 6 23 0 36 0
0
2 6 8 0 6 23 0 36 0
1
0 0 2 0 0 0 0 0 0
2 6 6 0 6 23 0 36 0
3
0 0 2 0 0 0 0 0 0
0 0 2 0 0 0 0 0 0
0 0 2 0 0 0 0 0 0
2 6 2 0 6 23 0 36 0
2
0 0 2 0 0 0 0 0 0
0 0 2 0 0 0 0 0 0
2 6 4 0 6 23 0 36 0
0
2 6 8 0 6 23 0 36 0
0
2 6 8 0 6 23 0 36 0
1
0 0 2 0 0 0 0 0 0
2 6 6 0 6 23 0 36 0
0
2 6 8 0 6 23 0 36 0
5
0 0 0 0 0 0 0 2 0
0 0 0 0 0 0 0 2 0
0 0 0 0 0 0 0 2 0
0 0 0 0 0 0 0 2 0
0 0 0 0 0 0 0 2 0
2 6 8 0 6 23 0 26 0
0
2 6 8 0 6 23 0 36 0
2
0 0 0 0 0 3 0 0 0
0 0 0 0 0 3 0 0 0
2 6 8 0 6 17 0 36 0
0
2 6 8 0 6 23 0 36 0
3
0 0 0 0 0 0 0 2 0
0 0 0 0 0 0 0 2 0
0 0 0 0 0 0 0 2 0
2 6 8 0 6 23 0 30 0
2
0 0 0 0 0 3 0 0 0
0 0 0 0 0 3 0 0 0
2 6 8 0 6 18 0 36 0
0
2 6 8 0 6 23 0 36 0
0
2 6 8 0 6 23 0 36 0
1
0 0 2 0 0 0 0 0 0
2 6 6 0 6 23 0 36 0
0
2 6 8 0 6 23 0 36 0
0
2 6 8 0 6 23 0 36 0
13
0 0 0 0 0 0 0 2 0
0 0 0 0 0 0 0 2 0
0 0 0 0 0 0 0 2 0
0 0 0 0 0 0 0 2 0
0 0 0 0 0 0 0 2 0
0 0 0 0 0 0 0 2 0
0 0 0 0 0 0 0 2 0
0 0 0 0 0 3 0 0 0
0 0 0 0 0 3 0 0 0
0 0 0 0 0 3 0 0 0
0 0 0 0 0 3 0 0 0
0 0 0 0 0 3 0 0 0
0 0 0 0 0 2 0 0 0
2 6 8 0 6 6 0 22 0
4
0 0 0 0 0 0 0 2 0
0 0 0 0 0 0 0 2 0
0 0 0 0 0 0 0 2 0
0 0 0 0 0 0 0 2 0
2 6 8 0 6 23 0 28 0
0
2 6 8 0 6 23 0 36 0
0
2 6 8 0 6 23 0 36 0
0
2 6 8 0 6 23 0 36 0
0
2 6 8 0 6 23 0 36 0
5
0 0 0 0 0 3 0 0 0
0 0 0 0 0 3 0 0 0
0 0 0 0 0 3 0 0 0
0 0 0 0 0 3 0 0 0
0 0 0 0 0 3 0 0 0
2 6 8 0 6 8 0 36 0
2
0 0 0 0 0 0 0 2 0
0 0 2 0 0 0 0 0 0
2 6 6 0 6 23 0 34 0
0
2 6 8 0 6 23 0 36 0
0
2 6 8 0 6 23 0 36 0
0
2 6 8 0 6 23 0 36 0
0
2 6 8 0 6 23 0 36 0
0
2 6 8 0 6 23 0 36 0
0
2 6 8 0 6 23 0 36 0
9
0 0 2 0 0 0 0 0 0
0 0 1 0 0 0 0 1 0
0 0 0 0 0 0 0 2 0
0 0 0 0 0 0 0 2 0
0 0 0 0 0 0 0 2 0
0 0 0 0 0 0 0 2 0
0 0 0 0 0 0 0 2 0
0 0 0 0 0 0 0 2 0
0 0 0 0 0 0 0 2 0
2 6 5 0 6 23 0 21 0
5
0 0 2 0 0 0 0 0 0
0 0 0 0 0 0 0 2 0
0 0 0 0 0 0 0 2 0
0 0 0 0 0 0 0 2 0
0 0 0 0 0 0 0 2 0
2 6 6 0 6 23 0 28 0
1
0 0 2 0 0 0 0 0 0
2 6 6 0 6 23 0 36 0
0
2 6 8 0 6 23 0 36 0
0
2 6 8 0 6 23 0 36 0
0
2 6 8 0 6 23 0 36 0
0
2 6 8 0 6 23 0 36 0
0
2 6 8 0 6 23 0 36 0
2
0 0 2 0 0 0 0 0 0
0 0 2 0 0 0 0 0 0
2 6 4 0 6 23 0 36 0
0
2 6 8 0 6 23 0 36 0
9
0 0 2 0 0 0 0 0 0
0 0 2 0 0 0 0 0 0
0 0 2 0 0 0 0 0 0
0 0 2 0 0 0 0 0 0
0 0 0 0 0 3 0 0 0
0 0 0 0 0 3 0 0 0
0 0 0 0 0 3 0 0 0
0 0 0 0 0 3 0 0 0
0 0 0 0 0 2 0 0 0
2 6 0 0 6 9 0 36 0
3
0 0 2 0 0 0 0 0 0
0 0 2 0 0 0 0 0 0
0 0 2 0 0 0 0 0 0
2 6 2 0 6 23 0 36 0
0
2 6 8 0 6 23 0 36 0
2
0 0 0 0 0 3 0 0 0
0 0 0 0 0 3 0 0 0
2 6 8 0 6 17 0 36 0
4
0 0 0 0 0 3 0 0 0
0 0 0 0 0 3 0 0 0
0 0 0 0 0 3 0 0 0
0 0 0 0 0 3 0 0 0
2 6 8 0 6 12 0 36 0
4
0 0 0 0 0 3 0 0 0
0 0 0 0 0 3 0 0 0
0 0 0 0 0 3 0 0 0
0 0 0 0 0 3 0 0 0
2 6 8 0 6 11 0 36 0
0
2 6 8 0 6 23 0 36 0
0
2 6 8 0 6 23 0 36 0
0
2 6 8 0 6 23 0 36 0
0
2 6 8 0 6 23 0 36 0
0
2 6 8 0 6 23 0 36 0
8
0 0 0 0 0 0 0 2 0
0 0 0 0 0 0 0 2 0
0 0 0 0 0 0 0 2 0
0 0 0 0 0 0 0 2 0
0 0 0 0 0 0 0 2 0
0 0 0 0 0 0 0 2 0
0 0 0 0 0 0 0 2 0
0 0 0 0 0 0 0 2 0
2 6 8 0 6 23 0 20 0
0
2 6 8 0 6 23 0 36 0
0
2 6 8 0 6 23 0 36 0
1
0 0 0 0 0 0 0 2 0
2 6 8 0 6 23 0 34 0
6
0 0 0 0 0 0 0 2 0
0 0 0 0 0 0 0 2 0
0 0 0 0 0 0 0 2 0
0 0 0 0 0 0 0 2 0
0 0 0 0 0 0 0 2 0
0 0 0 0 0 0 0 2 0
2 6 8 0 6 23 0 24 0
2
0 0 0 0 0 3 0 0 0
0 0 0 0 0 3 0 0 0
2 6 8 0 6 18 0 36 0
1
0 0 2 0 0 0 0 0 0
2 6 6 0 6 23 0 36 0
5
0 0 0 0 0 1 0 1 0
0 0 0 0 0 3 0 0 0
0 0 0 0 0 3 0 0 0
0 0 0 0 0 0 0 2 0
0 0 0 0 0 3 0 0 0
2 6 8 0 6 13 0 33 0
7
0 0 0 0 0 0 0 2 0
0 0 0 0 0 0 0 2 0
0 0 0 0 0 0 0 2 0
0 0 0 0 0 0 0 2 0
0 0 0 0 0 0 0 2 0
0 0 0 0 0 0 0 2 0
0 0 0 0 0 0 0 2 0
2 6 8 0 6 23 0 22 0
11
0 0 0 0 0 0 0 2 0
0 0 0 0 0 0 0 2 0
0 0 0 0 0 0 0 2 0
0 0 2 0 0 0 0 0 0
0 0 0 0 0 0 0 2 0
0 0 0 0 0 0 0 2 0
0 0 0 0 0 0 0 2 0
0 0 0 0 0 0 0 2 0
0 0 0 0 0 0 0 2 0
0 0 0 0 0 0 0 2 0
0 0 0 0 0 0 0 2 0
2 6 6 0 6 23 0 16 0
6
0 0 0 0 0 0 0 2 0
0 0 0 0 0 0 0 2 0
0 0 0 0 0 0 0 2 0
0 0 0 0 0 0 0 2 0
0 0 0 0 0 0 0 2 0
0 0 0 0 0 0 0 2 0
2 6 8 0 6 23 0 24 0
5
0 0 0 0 0 3 0 0 0
0 0 0 0 0 3 0 0 0
0 0 0 0 0 3 0 0 0
0 0 0 0 0 3 0 0 0
0 0 0 0 0 3 0 0 0
2 6 8 0 6 8 0 36 0
3
0 0 0 0 0 0 0 2 0
0 0 0 0 0 0 0 2 0
0 0 2 0 0 0 0 0 0
2 6 6 0 6 23 0 32 0
0
2 6 8 0 6 23 0 36 0
0
2 6 8 0 6 23 0 36 0
3
0 0 1 0 0 1 0 0 0
0 0 0 0 0 3 0 0 0
0 0 0 0 0 3 0 0 0
2 6 7 0 6 16 0 36 0
0
2 6 8 0 6 23 0 36 0
0
2 6 8 0 6 23 0 36 0
0
2 6 8 0 6 23 0 36 0
2
0 0 2 0 0 0 0 0 0
0 0 2 0 0 0 0 0 0
2 6 4 0 6 23 0 36 0
0
2 6 8 0 6 23 0 36 0
0
2 6 8 0 6 23 0 36 0
8
0 0 0 0 0 0 0 2 0
0 0 0 0 0 0 0 2 0
0 0 0 0 0 0 0 2 0
0 0 0 0 0 0 0 2 0
0 0 0 0 0 0 0 2 0
0 0 0 0 0 0 0 2 0
0 0 0 0 0 0 0 2 0
0 0 0 0 0 0 0 2 0
2 6 8 0 6 23 0 20 0
0
2 6 8 0 6 23 0 36 0
1
0 0 2 0 0 0 0 0 0
2 6 6 0 6 23 0 36 0
8
0 0 0 0 0 3 0 0 0
0 0 0 0 0 3 0 0 0
0 0 0 0 0 3 0 0 0
0 0 0 0 0 3 0 0 0
0 0 0 0 0 3 0 0 0
0 0 0 0 0 3 0 0 0
0 0 0 0 0 3 0 0 0
0 0 0 0 0 3 0 0 0
2 6 8 0 6 0 0 36 0
0
2 6 8 0 6 23 0 36 0
0
2 6 8 0 6 23 0 36 0
0
2 6 8 0 6 23 0 36 0
0
2 6 8 0 6 23 0 36 0
2
0 0 2 0 0 0 0 0 0
0 0 2 0 0 0 0 0 0
2 6 4 0 6 23 0 36 0
0
2 6 8 0 6 23 0 36 0
2
0 0 0 0 0 0 0 2 0
0 0 0 0 0 0 0 2 0
2 6 8 0 6 23 0 32 0
0
2 6 8 0 6 23 0 36 0
4
0 0 0 0 0 0 0 2 0
0 0 0 0 0 0 0 2 0
0 0 0 0 0 0 0 2 0
0 0 0 0 0 0 0 2 0
2 6 8 0 6 23 0 28 0
0
2 6 8 0 6 23 0 36 0
0
2 6 8 0 6 23 0 36 0
4
0 0 2 0 0 0 0 0 0
0 0 2 0 0 0 0 0 0
0 0 2 0 0 0 0 0 0
0 0 2 0 0 0 0 0 0
2 6 0 0 6 23 0 36 0
4
0 0 2 0 0 0 0 0 0
0 0 1 0 0 0 0 1 0
0 0 0 0 0 0 0 2 0
0 0 2 0 0 0 0 0 0
2 6 3 0 6 23 0 33 0
0
2 6 8 0 6 23 0 36 0
0
2 6 8 0 6 23 0 36 0
0
2 6 8 0 6 23 0 36 0
0
2 6 8 0 6 23 0 36 0
0
2 6 8 0 6 23 0 36 0
0
2 6 8 0 6 23 0 36 0
0
2 6 8 0 6 23 0 36 0
0
2 6 8 0 6 23 0 36 0
0
2 6 8 0 6 23 0 36 0
0
2 6 8 0 6 23 0 36 0
1
0 0 2 0 0 0 0 0 0
2 6 6 0 6 23 0 36 0
0
2 6 8 0 6 23 0 36 0
0
2 6 8 0 6 23 0 36 0
2
0 0 0 0 0 3 0 0 0
0 0 0 0 0 3 0 0 0
2 6 8 0 6 17 0 36 0
0
2 6 8 0 6 23 0 36 0
0
2 6 8 0 6 23 0 36 0
4
0 0 0 0 0 0 0 2 0
0 0 0 0 0 0 0 2 0
0 0 0 0 0 0 0 2 0
0 0 0 0 0 0 0 2 0
2 6 8 0 6 23 0 28 0
0
2 6 8 0 6 23 0 36 0
8
0 0 0 0 0 3 0 0 0
0 0 0 0 0 3 0 0 0
0 0 2 0 0 0 0 0 0
0 0 0 0 0 3 0 0 0
0 0 0 0 0 3 0 0 0
0 0 0 0 0 3 0 0 0
0 0 0 0 0 3 0 0 0
0 0 2 0 0 0 0 0 0
2 6 4 0 6 5 0 36 0
14
0 0 0 0 0 0 0 2 0
0 0 0 0 0 0 0 2 0
0 0 0 0 0 0 0 2 0
0 0 0 0 0 0 0 2 0
0 0 0 0 0 0 0 2 0
0 0 0 0 0 0 0 2 0
0 0 0 0 0 0 0 2 0
0 0 0 0 0 0 0 2 0
0 0 0 0 0 0 0 2 0
0 0 0 0 0 0 0 2 0
0 0 0 0 0 0 0 2 0
0 0 0 0 0 0 0 2 0
0 0 0 0 0 0 0 2 0
0 0 0 0 0 0 0 2 0
2 6 8 0 6 23 0 8 0
10
0 0 1 0 0 0 0 1 0
0 0 0 0 0 0 0 2 0
0 0 0 0 0 0 0 2 0
0 0 0 0 0 0 0 2 0
0 0 0 0 0 0 0 2 0
0 0 0 0 0 0 0 2 0
0 0 0 0 0 0 0 2 0
0 0 0 0 0 0 0 2 0
0 0 0 0 0 0 0 2 0
0 0 0 0 0 0 0 2 0
2 6 7 0 6 23 0 17 0
5
0 0 0 0 0 3 0 0 0
0 0 0 0 0 3 0 0 0
0 0 0 0 0 3 0 0 0
0 0 0 0 0 3 0 0 0
0 0 0 0 0 3 0 0 0
2 6 8 0 6 9 0 36 0
0
2 6 8 0 6 23 0 36 0
0
2 6 8 0 6 23 0 36 0
3
0 0 0 0 0 0 0 2 0
0 0 0 0 0 0 0 2 0
0 0 0 0 0 0 0 2 0
2 6 8 0 6 23 0 30 0
1
0 0 2 0 0 0 0 0 0
2 6 6 0 6 23 0 36 0
0
2 6 8 0 6 23 0 36 0
1
0 2 0 0 0 0 0 0 0
2 4 8 0 6 23 0 36 0
0
2 6 8 0 6 23 0 36 0
0
2 6 8 0 6 23 0 36 0
5
0 0 0 0 0 3 0 0 0
0 0 0 0 0 3 0 0 0
0 0 0 0 0 3 0 0 0
0 0 0 0 0 3 0 0 0
0 0 0 0 0 3 0 0 0
2 6 8 0 6 8 0 36 0
2
0 0 0 0 0 0 0 2 0
0 0 0 0 0 0 0 2 0
2 6 8 0 6 23 0 32 0
1
0 2 0 0 0 0 0 0 0
2 4 8 0 6 23 0 36 0
0
2 6 8 0 6 23 0 36 0
0
2 6 8 0 6 23 0 36 0
0
2 6 8 0 6 23 0 36 0
7
0 0 0 0 0 3 0 0 0
0 0 0 0 0 3 0 0 0
0 0 0 0 0 3 0 0 0
0 0 0 0 0 3 0 0 0
0 0 0 0 0 3 0 0 0
0 0 0 0 0 3 0 0 0
0 0 0 0 0 3 0 0 0
2 6 8 0 6 2 0 36 0
0
2 6 8 0 6 23 0 36 0
0
2 6 8 0 6 23 0 36 0
0
2 6 8 0 6 23 0 36 0
0
2 6 8 0 6 23 0 36 0
0
2 6 8 0 6 23 0 36 0
0
2 6 8 0 6 23 0 36 0
2
0 0 2 0 0 0 0 0 0
0 0 2 0 0 0 0 0 0
2 6 4 0 6 23 0 36 0
0
2 6 8 0 6 23 0 36 0
0
2 6 8 0 6 23 0 36 0
5
0 0 0 0 0 0 0 2 0
0 0 0 0 0 0 0 2 0
0 0 0 0 0 0 0 2 0
0 0 0 0 0 0 0 2 0
0 0 0 0 0 0 0 2 0
2 6 8 0 6 23 0 26 0
4
0 0 0 0 0 0 0 2 0
0 0 0 0 0 0 0 2 0
0 0 0 0 0 0 0 2 0
0 0 0 0 0 0 0 2 0
2 6 8 0 6 23 0 28 0
7
0 0 0 0 0 3 0 0 0
0 0 0 0 0 0 0 2 0
0 0 0 0 0 0 0 2 0
0 0 0 0 0 0 0 2 0
0 0 0 0 0 0 0 2 0
0 0 0 0 0 0 0 2 0
0 0 0 0 0 1 0 1 0
2 6 8 0 6 19 0 25 0
2
0 0 0 0 0 0 0 2 0
0 0 0 0 0 0 0 2 0
2 6 8 0 6 23 0 32 0
5
0 0 0 0 0 3 0 0 0
0 0 0 0 0 3 0 0 0
0 0 0 0 0 3 0 0 0
0 0 0 0 0 3 0 0 0
0 0 0 0 0 3 0 0 0
2 6 8 0 6 9 0 36 0
0
2 6 8 0 6 23 0 36 0
3
0 0 2 0 0 0 0 0 0
0 0 2 0 0 0 0 0 0
0 0 2 0 0 0 0 0 0
2 6 2 0 6 23 0 36 0
3
0 0 2 0 0 0 0 0 0
0 0 2 0 0 0 0 0 0
0 0 2 0 0 0 0 0 0
2 6 2 0 6 23 0 36 0
4
0 0 0 0 0 3 0 0 0
0 0 0 0 0 3 0 0 0
0 0 0 0 0 3 0 0 0
0 0 0 0 0 3 0 0 0
2 6 8 0 6 11 0 36 0
0
2 6 8 0 6 23 0 36 0
0
2 6 8 0 6 23 0 36 0
0
2 6 8 0 6 23 0 36 0
0
2 6 8 0 6 23 0 36 0
2
0 0 0 0 0 3 0 0 0
0 0 2 0 0 0 0 0 0
2 6 6 0 6 20 0 36 0
0
2 6 8 0 6 23 0 36 0
3
0 0 0 0 0 3 0 0 0
0 0 0 0 0 3 0 0 0
0 0 0 0 0 3 0 0 0
2 6 8 0 6 14 0 36 0
4
0 0 1 0 0 1 0 0 0
0 0 2 0 0 0 0 0 0
0 0 2 0 0 0 0 0 0
0 0 2 0 0 0 0 0 0
2 6 1 0 6 22 0 36 0
0
2 6 8 0 6 23 0 36 0
7
0 0 0 0 0 3 0 0 0
0 0 0 0 0 3 0 0 0
0 0 0 0 0 3 0 0 0
0 0 0 0 0 3 0 0 0
0 0 0 0 0 3 0 0 0
0 0 0 0 0 3 0 0 0
0 0 0 0 0 3 0 0 0
2 6 8 0 6 2 0 36 0
1
0 0 2 0 0 0 0 0 0
2 6 6 0 6 23 0 36 0
0
2 6 8 0 6 23 0 36 0
3
0 0 0 0 0 3 0 0 0
0 0 0 0 0 3 0 0 0
0 0 0 0 0 3 0 0 0
2 6 8 0 6 14 0 36 0
0
2 6 8 0 6 23 0 36 0
1
0 0 0 0 0 0 0 2 0
2 6 8 0 6 23 0 34 0
0
2 6 8 0 6 23 0 36 0
2
0 0 2 0 0 0 0 0 0
0 0 2 0 0 0 0 0 0
2 6 4 0 6 23 0 36 0
0
2 6 8 0 6 23 0 36 0
0
2 6 8 0 6 23 0 36 0
0
2 6 8 0 6 23 0 36 0
0
2 6 8 0 6 23 0 36 0
0
2 6 8 0 6 23 0 36 0
4
0 0 0 0 0 3 0 0 0
0 0 0 0 0 3 0 0 0
0 0 0 0 0 3 0 0 0
0 0 0 0 0 3 0 0 0
2 6 8 0 6 11 0 36 0
2
0 0 2 0 0 0 0 0 0
0 0 2 0 0 0 0 0 0
2 6 4 0 6 23 0 36 0
16
0 0 0 0 0 0 0 2 0
0 0 0 0 0 0 0 2 0
0 0 0 0 0 0 0 2 0
0 0 0 0 0 0 0 2 0
0 0 0 0 0 0 0 2 0
0 0 0 0 0 1 0 1 0
0 0 0 0 0 0 0 2 0
0 0 0 0 0 0 0 2 0
0 0 0 0 0 0 0 2 0
0 0 0 0 0 0 0 2 0
0 0 0 0 0 0 0 2 0
0 0 0 0 0 0 0 2 0
0 0 0 0 0 0 0 2 0
0 0 0 0 0 0 0 2 0
0 0 0 0 0 0 0 2 0
0 0 0 0 0 0 0 2 0
2 6 8 0 6 22 0 5 0
0
2 6 8 0 6 23 0 36 0
0
2 6 8 0 6 23 0 36 0
2
0 0 0 0 0 3 0 0 0
0 0 0 0 0 3 0 0 0
2 6 8 0 6 17 0 36 0
0
2 6 8 0 6 23 0 36 0
3
0 0 2 0 0 0 0 0 0
0 0 2 0 0 0 0 0 0
0 0 2 0 0 0 0 0 0
2 6 2 0 6 23 0 36 0
0
2 6 8 0 6 23 0 36 0
0
2 6 8 0 6 23 0 36 0
0
2 6 8 0 6 23 0 36 0
1
0 0 2 0 0 0 0 0 0
2 6 6 0 6 23 0 36 0
4
0 0 0 0 0 3 0 0 0
0 0 0 0 0 3 0 0 0
0 0 0 0 0 3 0 0 0
0 0 0 0 0 3 0 0 0
2 6 8 0 6 11 0 36 0
0
2 6 8 0 6 23 0 36 0
0
2 6 8 0 6 23 0 36 0
0
2 6 8 0 6 23 0 36 0
9
0 0 0 0 0 0 0 2 0
0 0 0 0 0 0 0 2 0
0 0 0 0 0 0 0 2 0
0 0 0 0 0 0 0 2 0
0 0 0 0 0 0 0 2 0
0 0 0 0 0 0 0 2 0
0 0 0 0 0 0 0 2 0
0 0 0 0 0 0 0 2 0
0 0 0 0 0 0 0 2 0
2 6 8 0 6 23 0 18 0
3
0 0 2 0 0 0 0 0 0
0 0 2 0 0 0 0 0 0
0 0 2 0 0 0 0 0 0
2 6 2 0 6 23 0 36 0
0
2 6 8 0 6 23 0 36 0
0
2 6 8 0 6 23 0 36 0
1
0 0 0 0 0 0 0 2 0
2 6 8 0 6 23 0 34 0
0
2 6 8 0 6 23 0 36 0
2
0 0 0 0 0 3 0 0 0
0 0 0 0 0 3 0 0 0
2 6 8 0 6 17 0 36 0
0
2 6 8 0 6 23 0 36 0
0
2 6 8 0 6 23 0 36 0
0
2 6 8 0 6 23 0 36 0
2
0 0 1 0 0 1 0 0 0
0 0 0 0 0 3 0 0 0
2 6 7 0 6 19 0 36 0
8
0 0 0 0 0 0 0 2 0
0 0 0 0 0 0 0 2 0
0 0 0 0 0 0 0 2 0
0 0 0 0 0 0 0 2 0
0 0 0 0 0 0 0 2 0
0 0 0 0 0 0 0 2 0
0 0 0 0 0 0 0 2 0
0 0 0 0 0 0 0 2 0
2 6 8 0 6 23 0 20 0
0
2 6 8 0 6 23 0 36 0
0
2 6 8 0 6 23 0 36 0
0
2 6 8 0 6 23 0 36 0
0
2 6 8 0 6 23 0 36 0
3
0 0 2 0 0 0 0 0 0
0 0 2 0 0 0 0 0 0
0 0 2 0 0 0 0 0 0
2 6 2 0 6 23 0 36 0
0
2 6 8 0 6 23 0 36 0
0
2 6 8 0 6 23 0 36 0
0
2 6 8 0 6 23 0 36 0
0
2 6 8 0 6 23 0 36 0
0
2 6 8 0 6 23 0 36 0
2
0 0 0 0 0 0 0 2 0
0 0 0 0 0 0 0 2 0
2 6 8 0 6 23 0 32 0
3
0 0 2 0 0 0 0 0 0
0 0 2 0 0 0 0 0 0
0 0 2 0 0 0 0 0 0
2 6 2 0 6 23 0 36 0
0
2 6 8 0 6 23 0 36 0
0
2 6 8 0 6 23 0 36 0
0
2 6 8 0 6 23 0 36 0
6
0 0 0 0 0 0 0 2 0
0 0 0 0 0 0 0 2 0
0 0 0 0 0 0 0 2 0
0 0 0 0 0 0 0 2 0
0 0 0 0 0 0 0 2 0
0 0 0 0 0 0 0 2 0
2 6 8 0 6 23 0 24 0
2
0 1 1 0 0 0 0 0 0
0 2 0 0 0 0 0 0 0
2 3 7 0 6 23 0 36 0
0
2 6 8 0 6 23 0 36 0
0
2 6 8 0 6 23 0 36 0
0
2 6 8 0 6 23 0 36 0
0
2 6 8 0 6 23 0 36 0
0
2 6 8 0 6 23 0 36 0
0
2 6 8 0 6 23 0 36 0
0
2 6 8 0 6 23 0 36 0
0
2 6 8 0 6 23 0 36 0
0
2 6 8 0 6 23 0 36 0
5
0 0 0 0 0 0 0 2 0
0 0 0 0 0 0 0 2 0
0 0 0 0 0 0 0 2 0
0 0 0 0 0 0 0 2 0
0 0 0 0 0 0 0 2 0
2 6 8 0 6 23 0 26 0
0
2 6 8 0 6 23 0 36 0
5
0 2 0 0 0 0 0 0 0
0 0 2 0 0 0 0 0 0
0 0 2 0 0 0 0 0 0
0 0 2 0 0 0 0 0 0
0 2 0 0 0 0 0 0 0
2 2 2 0 6 23 0 36 0
0
2 6 8 0 6 23 0 36 0
0
2 6 8 0 6 23 0 36 0
7
0 0 0 0 0 3 0 0 0
0 0 0 0 0 3 0 0 0
0 0 0 0 0 3 0 0 0
0 0 0 0 0 3 0 0 0
0 0 0 0 0 3 0 0 0
0 0 0 0 0 3 0 0 0
0 0 0 0 0 3 0 0 0
2 6 8 0 6 2 0 36 0
0
2 6 8 0 6 23 0 36 0
1
0 0 0 0 0 3 0 0 0
2 6 8 0 6 20 0 36 0
5
0 0 0 0 0 3 0 0 0
0 0 0 0 0 3 0 0 0
0 0 0 0 0 3 0 0 0
0 0 0 0 0 3 0 0 0
0 0 0 0 0 3 0 0 0
2 6 8 0 6 8 0 36 0
0
2 6 8 0 6 23 0 36 0
2
0 0 2 0 0 0 0 0 0
0 0 2 0 0 0 0 0 0
2 6 4 0 6 23 0 36 0
0
2 6 8 0 6 23 0 36 0
0
2 6 8 0 6 23 0 36 0
4
0 0 0 0 0 0 0 2 0
0 0 0 0 0 0 0 2 0
0 0 0 0 0 0 0 2 0
0 0 0 0 0 2 0 0 0
2 6 8 0 6 21 0 30 0
2
0 2 0 0 0 0 0 0 0
0 2 0 0 0 0 0 0 0
2 2 8 0 6 23 0 36 0
5
0 0 0 0 0 3 0 0 0
0 0 0 0 0 3 0 0 0
0 0 0 0 0 3 0 0 0
0 0 0 0 0 3 0 0 0
0 0 0 0 0 3 0 0 0
2 6 8 0 6 9 0 36 0
0
2 6 8 0 6 23 0 36 0
2
0 0 0 0 0 3 0 0 0
0 0 0 0 0 3 0 0 0
2 6 8 0 6 17 0 36 0
0
2 6 8 0 6 23 0 36 0
1
0 0 2 0 0 0 0 0 0
2 6 6 0 6 23 0 36 0
0
2 6 8 0 6 23 0 36 0
1
0 0 2 0 0 0 0 0 0
2 6 6 0 6 23 0 36 0
2
0 0 2 0 0 0 0 0 0
0 0 2 0 0 0 0 0 0
2 6 4 0 6 23 0 36 0
0
2 6 8 0 6 23 0 36 0
3
0 0 2 0 0 0 0 0 0
0 0 2 0 0 0 0 0 0
0 0 2 0 0 0 0 0 0
2 6 2 0 6 23 0 36 0
0
2 6 8 0 6 23 0 36 0
0
2 6 8 0 6 23 0 36 0
0
2 6 8 0 6 23 0 36 0
1
0 0 2 0 0 0 0 0 0
2 6 6 0 6 23 0 36 0
13
0 0 0 0 0 0 0 2 0
0 0 0 0 0 0 0 2 0
0 0 0 0 0 0 0 2 0
0 0 0 0 0 0 0 2 0
0 0 0 0 0 0 0 2 0
0 0 0 0 0 3 0 0 0
0 0 0 0 0 3 0 0 0
0 0 0 0 0 0 0 2 0
0 0 0 0 0 0 0 2 0
0 0 0 0 0 3 0 0 0
0 0 0 0 0 0 0 2 0
0 0 0 0 0 3 0 0 0
0 0 0 0 0 3 0 0 0
2 6 8 0 6 8 0 20 0
0
2 6 8 0 6 23 0 36 0
3
0 0 0 0 0 0 0 2 0
0 0 0 0 0 3 0 0 0
0 0 0 0 0 3 0 0 0
2 6 8 0 6 17 0 34 0
4
0 0 0 0 0 3 0 0 0
0 0 0 0 0 3 0 0 0
0 0 0 0 0 3 0 0 0
0 0 0 0 0 3 0 0 0
2 6 8 0 6 11 0 36 0
2
0 0 0 0 0 3 0 0 0
0 0 0 0 0 3 0 0 0
2 6 8 0 6 18 0 36 0
3
0 0 0 0 0 0 0 2 0
0 0 0 0 0 0 0 2 0
0 0 0 0 0 0 0 2 0
2 6 8 0 6 23 0 30 0
9
0 0 0 0 0 0 0 2 0
0 0 0 0 0 0 0 2 0
0 0 0 0 0 0 0 2 0
0 0 0 0 0 3 0 0 0
0 0 0 0 0 3 0 0 0
0 0 0 0 0 3 0 0 0
0 0 0 0 0 0 0 2 0
0 0 0 0 0 0 0 2 0
0 0 0 0 0 3 0 0 0
2 6 8 0 6 11 0 26 0
0
2 6 8 0 6 23 0 36 0
0
2 6 8 0 6 23 0 36 0
0
2 6 8 0 6 23 0 36 0
6
0 0 0 0 0 0 0 2 0
0 0 0 0 0 0 0 2 0
0 0 0 0 0 1 0 1 0
0 0 0 0 0 3 0 0 0
0 0 0 0 0 3 0 0 0
0 0 0 0 0 3 0 0 0
2 6 8 0 6 13 0 31 0
1
0 0 0 0 0 3 0 0 0
2 6 8 0 6 20 0 36 0
0
2 6 8 0 6 23 0 36 0
0
2 6 8 0 6 23 0 36 0
0
2 6 8 0 6 23 0 36 0
0
2 6 8 0 6 23 0 36 0
0
2 6 8 0 6 23 0 36 0
3
0 0 1 0 0 0 0 1 0
0 0 0 0 0 0 0 2 0
0 0 2 0 0 0 0 0 0
2 6 5 0 6 23 0 33 0
0
2 6 8 0 6 23 0 36 0
0
2 6 8 0 6 23 0 36 0
0
2 6 8 0 6 23 0 36 0
0
2 6 8 0 6 23 0 36 0
0
2 6 8 0 6 23 0 36 0
0
2 6 8 0 6 23 0 36 0
0
2 6 8 0 6 23 0 36 0
0
2 6 8 0 6 23 0 36 0
3
0 0 2 0 0 0 0 0 0
0 0 1 0 0 1 0 0 0
0 0 0 0 0 3 0 0 0
2 6 5 0 6 19 0 36 0
1
0 0 1 0 0 0 0 1 0
2 6 7 0 6 23 0 35 0
3
0 2 0 0 0 0 0 0 0
0 2 0 0 0 0 0 0 0
0 2 0 0 0 0 0 0 0
2 0 8 0 6 23 0 36 0
0
2 6 8 0 6 23 0 36 0
0
2 6 8 0 6 23 0 36 0
6
0 0 0 0 0 3 0 0 0
0 0 0 0 0 3 0 0 0
0 0 0 0 0 3 0 0 0
0 0 0 0 0 3 0 0 0
0 0 0 0 0 3 0 0 0
0 0 0 0 0 3 0 0 0
2 6 8 0 6 5 0 36 0
10
0 0 2 0 0 0 0 0 0
0 0 0 0 0 0 0 2 0
0 0 0 0 0 0 0 2 0
0 0 0 0 0 3 0 0 0
0 0 2 0 0 0 0 0 0
0 0 0 0 0 0 0 2 0
0 0 0 0 0 0 0 2 0
0 0 0 0 0 0 0 2 0
0 0 2 0 0 0 0 0 0
0 0 2 0 0 0 0 0 0
2 6 0 0 6 20 0 26 0
1
0 0 2 0 0 0 0 0 0
2 6 6 0 6 23 0 36 0
2
0 0 2 0 0 0 0 0 0
0 0 2 0 0 0 0 0 0
2 6 4 0 6 23 0 36 0
7
0 0 0 0 0 0 0 2 0
0 0 0 0 0 0 0 2 0
0 0 0 0 0 0 0 2 0
0 0 0 0 0 0 0 2 0
0 0 0 0 0 0 0 2 0
0 0 0 0 0 0 0 2 0
0 0 0 0 0 0 0 2 0
2 6 8 0 6 23 0 22 0
3
0 0 1 0 0 1 0 0 0
0 0 0 0 0 3 0 0 0
0 0 0 0 0 3 0 0 0
2 6 7 0 6 16 0 36 0
2
0 0 2 0 0 0 0 0 0
0 0 2 0 0 0 0 0 0
2 6 4 0 6 23 0 36 0
10
0 0 0 0 0 1 0 1 0
0 0 0 0 0 3 0 0 0
0 0 0 0 0 0 0 2 0
0 0 0 0 0 0 0 2 0
0 0 0 0 0 3 0 0 0
0 0 0 0 0 0 0 2 0
0 0 0 0 0 3 0 0 0
0 0 0 0 0 0 0 2 0
0 0 0 0 0 3 0 0 0
0 0 0 0 0 0 0 2 0
2 6 8 0 6 10 0 25 0
4
0 0 2 0 0 0 0 0 0
0 0 2 0 0 0 0 0 0
0 0 2 0 0 0 0 0 0
0 0 2 0 0 0 0 0 0
2 6 0 0 6 23 0 36 0
0
2 6 8 0 6 23 0 36 0
0
2 6 8 0 6 23 0 36 0
0
2 6 8 0 6 23 0 36 0
1
0 0 0 0 0 0 0 2 0
2 6 8 0 6 23 0 34 0
4
0 0 0 0 0 0 0 2 0
0 0 2 0 0 0 0 0 0
0 0 2 0 0 0 0 0 0
0 0 2 0 0 0 0 0 0
2 6 2 0 6 23 0 34 0
0
2 6 8 0 6 23 0 36 0
2
0 0 2 0 0 0 0 0 0
0 0 2 0 0 0 0 0 0
2 6 4 0 6 23 0 36 0
2
0 0 2 0 0 0 0 0 0
0 0 2 0 0 0 0 0 0
2 6 4 0 6 23 0 36 0
8
0 0 0 0 0 0 0 2 0
0 0 0 0 0 0 0 2 0
0 0 0 0 0 0 0 2 0
0 0 0 0 0 0 0 2 0
0 0 0 0 0 0 0 2 0
0 0 0 0 0 0 0 2 0
0 0 0 0 0 0 0 2 0
0 0 0 0 0 0 0 2 0
2 6 8 0 6 23 0 20 0
0
2 6 8 0 6 23 0 36 0
4
0 0 2 0 0 0 0 0 0
0 0 0 0 0 3 0 0 0
0 0 2 0 0 0 0 0 0
0 0 2 0 0 0 0 0 0
2 6 2 0 6 20 0 36 0
0
2 6 8 0 6 23 0 36 0
0
2 6 8 0 6 23 0 36 0
0
2 6 8 0 6 23 0 36 0
0
2 6 8 0 6 23 0 36 0
0
2 6 8 0 6 23 0 36 0
0
2 6 8 0 6 23 0 36 0
0
2 6 8 0 6 23 0 36 0
0
2 6 8 0 6 23 0 36 0
0
2 6 8 0 6 23 0 36 0
0
2 6 8 0 6 23 0 36 0
0
2 6 8 0 6 23 0 36 0
0
2 6 8 0 6 23 0 36 0
0
2 6 8 0 6 23 0 36 0
1
0 0 0 0 0 0 0 2 0
2 6 8 0 6 23 0 34 0
0
2 6 8 0 6 23 0 36 0
0
2 6 8 0 6 23 0 36 0
0
2 6 8 0 6 23 0 36 0
1
0 0 0 0 0 3 0 0 0
2 6 8 0 6 20 0 36 0
0
2 6 8 0 6 23 0 36 0
0
2 6 8 0 6 23 0 36 0
4
0 0 0 0 0 3 0 0 0
0 0 0 0 0 3 0 0 0
0 0 0 0 0 3 0 0 0
0 0 0 0 0 3 0 0 0
2 6 8 0 6 12 0 36 0
4
0 0 2 0 0 0 0 0 0
0 0 2 0 0 0 0 0 0
0 0 2 0 0 0 0 0 0
0 0 2 0 0 0 0 0 0
2 6 0 0 6 23 0 36 0
0
2 6 8 0 6 23 0 36 0
0
2 6 8 0 6 23 0 36 0
1
0 0 2 0 0 0 0 0 0
2 6 6 0 6 23 0 36 0
0
2 6 8 0 6 23 0 36 0
0
2 6 8 0 6 23 0 36 0
0
2 6 8 0 6 23 0 36 0
1
0 0 1 0 0 0 0 1 0
2 6 7 0 6 23 0 35 0
4
0 0 0 0 0 0 0 2 0
0 0 0 0 0 0 0 2 0
0 0 0 0 0 0 0 2 0
0 0 0 0 0 0 0 2 0
2 6 8 0 6 23 0 28 0
0
2 6 8 0 6 23 0 36 0
2
0 0 2 0 0 0 0 0 0
0 0 2 0 0 0 0 0 0
2 6 4 0 6 23 0 36 0
5
0 0 2 0 0 0 0 0 0
0 0 2 0 0 0 0 0 0
0 0 0 0 0 3 0 0 0
0 0 0 0 0 3 0 0 0
0 0 0 0 0 3 0 0 0
2 6 4 0 6 14 0 36 0
11
0 0 0 0 0 0 0 2 0
0 0 0 0 0 0 0 2 0
0 0 0 0 0 0 0 2 0
0 0 0 0 0 0 0 2 0
0 0 0 0 0 0 0 2 0
0 0 0 0 0 0 0 2 0
0 0 0 0 0 0 0 2 0
0 0 0 0 0 0 0 2 0
0 0 0 0 0 0 0 2 0
0 0 0 0 0 0 0 2 0
0 0 0 0 0 0 0 2 0
2 6 8 0 6 23 0 14 0
2
0 0 0 0 0 3 0 0 0
0 0 0 0 0 3 0 0 0
2 6 8 0 6 17 0 36 0
5
0 0 2 0 0 0 0 0 0
0 0 0 0 0 0 0 2 0
0 0 2 0 0 0 0 0 0
0 0 2 0 0 0 0 0 0
0 0 2 0 0 0 0 0 0
2 6 0 0 6 23 0 34 0
0
2 6 8 0 6 23 0 36 0
1
0 0 0 0 0 0 0 2 0
2 6 8 0 6 23 0 34 0
2
0 0 2 0 0 0 0 0 0
0 0 2 0 0 0 0 0 0
2 6 4 0 6 23 0 36 0
1
0 0 2 0 0 0 0 0 0
2 6 6 0 6 23 0 36 0
0
2 6 8 0 6 23 0 36 0
8
0 2 0 0 0 0 0 0 0
0 2 0 0 0 0 0 0 0
0 0 0 0 0 3 0 0 0
0 0 0 0 0 3 0 0 0
0 0 0 0 0 3 0 0 0
0 0 0 0 0 3 0 0 0
0 0 0 0 0 3 0 0 0
0 0 0 0 0 2 0 0 0
2 2 8 0 6 6 0 36 0
2
0 0 0 0 0 0 0 2 0
0 0 0 0 0 0 0 2 0
2 6 8 0 6 23 0 32 0
0
2 6 8 0 6 23 0 36 0
11
0 0 0 0 0 0 0 2 0
0 0 0 0 0 0 0 2 0
0 0 0 0 0 0 0 2 0
0 0 0 0 0 0 0 2 0
0 0 0 0 0 0 0 2 0
0 0 0 0 0 0 0 2 0
0 0 0 0 0 0 0 2 0
0 0 0 0 0 0 0 2 0
0 0 0 0 0 0 0 2 0
0 0 0 0 0 0 0 2 0
0 0 0 0 0 0 0 2 0
2 6 8 0 6 23 0 14 0
2
0 0 1 0 0 0 0 1 0
0 0 2 0 0 0 0 0 0
2 6 5 0 6 23 0 35 0
0
2 6 8 0 6 23 0 36 0
0
2 6 8 0 6 23 0 36 0
0
2 6 8 0 6 23 0 36 0
0
2 6 8 0 6 23 0 36 0
0
2 6 8 0 6 23 0 36 0
0
2 6 8 0 6 23 0 36 0
1
0 0 2 0 0 0 0 0 0
2 6 6 0 6 23 0 36 0
4
0 0 0 0 0 0 0 2 0
0 0 0 0 0 0 0 2 0
0 0 0 0 0 0 0 2 0
0 0 0 0 0 0 0 2 0
2 6 8 0 6 23 0 28 0
0
2 6 8 0 6 23 0 36 0
0
2 6 8 0 6 23 0 36 0
17
0 0 0 0 0 0 0 2 0
0 0 0 0 0 0 0 2 0
0 0 0 0 0 0 0 2 0
0 0 0 0 0 0 0 2 0
0 0 0 0 0 0 0 2 0
0 0 0 0 0 0 0 2 0
0 0 0 0 0 0 0 2 0
0 0 0 0 0 0 0 2 0
0 0 0 0 0 0 0 2 0
0 0 0 0 0 0 0 2 0
0 0 0 0 0 0 0 2 0
0 0 0 0 0 0 0 2 0
0 0 0 0 0 0 0 2 0
0 0 0 0 0 0 0 2 0
0 0 0 0 0 0 0 2 0
0 0 0 0 0 0 0 2 0
0 0 0 0 0 0 0 2 0
2 6 8 0 6 23 0 2 0
0
2 6 8 0 6 23 0 36 0
1
0 0 2 0 0 0 0 0 0
2 6 6 0 6 23 0 36 0
3
0 2 0 0 0 0 0 0 0
0 2 0 0 0 0 0 0 0
0 2 0 0 0 0 0 0 0
2 0 8 0 6 23 0 36 0
0
2 6 8 0 6 23 0 36 0
0
2 6 8 0 6 23 0 36 0
3
0 0 2 0 0 0 0 0 0
0 0 2 0 0 0 0 0 0
0 0 2 0 0 0 0 0 0
2 6 2 0 6 23 0 36 0
0
2 6 8 0 6 23 0 36 0
0
2 6 8 0 6 23 0 36 0
0
2 6 8 0 6 23 0 36 0
0
2 6 8 0 6 23 0 36 0
0
2 6 8 0 6 23 0 36 0
14
0 0 0 0 0 0 0 2 0
0 0 0 0 0 0 0 2 0
0 0 0 0 0 0 0 2 0
0 0 0 0 0 0 0 2 0
0 0 0 0 0 0 0 2 0
0 0 0 0 0 0 0 2 0
0 0 0 0 0 0 0 2 0
0 0 0 0 0 0 0 2 0
0 0 0 0 0 0 0 2 0
0 0 0 0 0 0 0 2 0
0 0 0 0 0 3 0 0 0
0 0 0 0 0 3 0 0 0
0 0 0 0 0 3 0 0 0
0 0 0 0 0 2 0 0 0
2 6 8 0 6 12 0 16 0
1
0 0 2 0 0 0 0 0 0
2 6 6 0 6 23 0 36 0
0
2 6 8 0 6 23 0 36 0
0
2 6 8 0 6 23 0 36 0
8
0 1 0 0 0 0 0 1 0
0 0 0 0 0 0 0 2 0
0 0 0 0 0 0 0 2 0
0 0 0 0 0 0 0 2 0
0 0 0 0 0 0 0 2 0
0 0 0 0 0 0 0 2 0
0 0 0 0 0 0 0 2 0
0 0 0 0 0 0 0 2 0
2 5 8 0 6 23 0 21 0
3
0 0 0 0 0 3 0 0 0
0 0 0 0 0 3 0 0 0
0 0 0 0 0 3 0 0 0
2 6 8 0 6 14 0 36 0
0
2 6 8 0 6 23 0 36 0
5
0 0 0 0 0 3 0 0 0
0 0 0 0 0 3 0 0 0
0 0 0 0 0 3 0 0 0
0 0 0 0 0 3 0 0 0
0 0 0 0 0 3 0 0 0
2 6 8 0 6 8 0 36 0
0
2 6 8 0 6 23 0 36 0
2
0 0 0 0 0 0 0 2 0
0 0 0 0 0 0 0 2 0
2 6 8 0 6 23 0 32 0
0
2 6 8 0 6 23 0 36 0
0
2 6 8 0 6 23 0 36 0
0
2 6 8 0 6 23 0 36 0
1
0 0 2 0 0 0 0 0 0
2 6 6 0 6 23 0 36 0
2
0 0 0 0 0 3 0 0 0
0 0 2 0 0 0 0 0 0
2 6 6 0 6 20 0 36 0
0
2 6 8 0 6 23 0 36 0
2
0 0 2 0 0 0 0 0 0
0 0 2 0 0 0 0 0 0
2 6 4 0 6 23 0 36 0
0
2 6 8 0 6 23 0 36 0
4
0 0 0 0 0 3 0 0 0
0 0 0 0 0 3 0 0 0
0 0 2 0 0 0 0 0 0
0 0 0 0 0 3 0 0 0
2 6 6 0 6 14 0 36 0
0
2 6 8 0 6 23 0 36 0
0
2 6 8 0 6 23 0 36 0
0
2 6 8 0 6 23 0 36 0
0
2 6 8 0 6 23 0 36 0
0
2 6 8 0 6 23 0 36 0
0
2 6 8 0 6 23 0 36 0
0
2 6 8 0 6 23 0 36 0
1
0 0 0 0 0 3 0 0 0
2 6 8 0 6 20 0 36 0
0
2 6 8 0 6 23 0 36 0
6
0 0 0 0 0 3 0 0 0
0 0 0 0 0 2 0 0 0
0 2 0 0 0 0 0 0 0
0 0 0 0 0 3 0 0 0
0 2 0 0 0 0 0 0 0
0 0 0 0 0 3 0 0 0
2 2 8 0 6 12 0 36 0
1
0 0 0 0 0 0 0 2 0
2 6 8 0 6 23 0 34 0
7
0 0 0 0 0 0 0 2 0
0 0 0 0 0 0 0 2 0
0 0 0 0 0 0 0 2 0
0 0 0 0 0 0 0 2 0
0 0 0 0 0 0 0 2 0
0 0 0 0 0 0 0 2 0
0 0 0 0 0 0 0 2 0
2 6 8 0 6 23 0 22 0
0
2 6 8 0 6 23 0 36 0
0
2 6 8 0 6 23 0 36 0
0
2 6 8 0 6 23 0 36 0
0
2 6 8 0 6 23 0 36 0
0
2 6 8 0 6 23 0 36 0
2
0 0 2 0 0 0 0 0 0
0 0 2 0 0 0 0 0 0
2 6 4 0 6 23 0 36 0
2
0 0 0 0 0 3 0 0 0
0 0 0 0 0 3 0 0 0
2 6 8 0 6 17 0 36 0
0
2 6 8 0 6 23 0 36 0
15
0 0 0 0 0 0 0 2 0
0 0 0 0 0 0 0 2 0
0 0 0 0 0 0 0 2 0
0 0 0 0 0 0 0 2 0
0 0 0 0 0 0 0 2 0
0 0 0 0 0 0 0 2 0
0 0 0 0 0 0 0 2 0
0 0 0 0 0 0 0 2 0
0 0 0 0 0 0 0 2 0
0 0 0 0 0 0 0 2 0
0 0 0 0 0 0 0 2 0
0 0 0 0 0 0 0 2 0
0 0 0 0 0 0 0 2 0
0 0 0 0 0 0 0 2 0
0 0 0 0 0 0 0 2 0
2 6 8 0 6 23 0 6 0
0
2 6 8 0 6 23 0 36 0
0
2 6 8 0 6 23 0 36 0
0
2 6 8 0 6 23 0 36 0
1
0 0 0 0 0 0 0 2 0
2 6 8 0 6 23 0 34 0
0
2 6 8 0 6 23 0 36 0
0
2 6 8 0 6 23 0 36 0
1
0 0 0 0 0 0 0 2 0
2 6 8 0 6 23 0 34 0
0
2 6 8 0 6 23 0 36 0
0
2 6 8 0 6 23 0 36 0
0
2 6 8 0 6 23 0 36 0
3
0 0 0 0 0 3 0 0 0
0 0 0 0 0 3 0 0 0
0 0 0 0 0 3 0 0 0
2 6 8 0 6 14 0 36 0
0
2 6 8 0 6 23 0 36 0
0
2 6 8 0 6 23 0 36 0
0
2 6 8 0 6 23 0 36 0
4
0 0 0 0 0 3 0 0 0
0 0 0 0 0 3 0 0 0
0 0 0 0 0 3 0 0 0
0 0 0 0 0 3 0 0 0
2 6 8 0 6 11 0 36 0
1
0 0 0 0 0 0 0 2 0
2 6 8 0 6 23 0 34 0
0
2 6 8 0 6 23 0 36 0
6
0 0 0 0 0 3 0 0 0
0 0 0 0 0 3 0 0 0
0 0 0 0 0 3 0 0 0
0 0 0 0 0 3 0 0 0
0 0 0 0 0 3 0 0 0
0 0 0 0 0 3 0 0 0
2 6 8 0 6 6 0 36 0
1
0 0 0 0 0 0 0 2 0
2 6 8 0 6 23 0 34 0
0
2 6 8 0 6 23 0 36 0
4
0 0 0 0 0 3 0 0 0
0 0 0 0 0 3 0 0 0
0 0 0 0 0 3 0 0 0
0 0 0 0 0 3 0 0 0
2 6 8 0 6 11 0 36 0
0
2 6 8 0 6 23 0 36 0
0
2 6 8 0 6 23 0 36 0
12
0 0 0 0 0 0 0 2 0
0 0 0 0 0 0 0 2 0
0 0 0 0 0 0 0 2 0
0 0 0 0 0 0 0 2 0
0 0 0 0 0 0 0 2 0
0 0 0 0 0 0 0 2 0
0 0 1 0 0 0 0 1 0
0 0 2 0 0 0 0 0 0
0 0 1 0 0 1 0 0 0
0 0 0 0 0 3 0 0 0
0 0 0 0 0 3 0 0 0
0 0 0 0 0 3 0 0 0
2 6 4 0 6 13 0 23 0
2
0 0 0 0 0 0 0 2 0
0 0 0 0 0 0 0 2 0
2 6 8 0 6 23 0 32 0
0
2 6 8 0 6 23 0 36 0
0
2 6 8 0 6 23 0 36 0
0
2 6 8 0 6 23 0 36 0
0
2 6 8 0 6 23 0 36 0
0
2 6 8 0 6 23 0 36 0
0
2 6 8 0 6 23 0 36 0
0
2 6 8 0 6 23 0 36 0
8
0 0 0 0 0 3 0 0 0
0 0 0 0 0 3 0 0 0
0 0 0 0 0 3 0 0 0
0 0 0 0 0 3 0 0 0
0 0 0 0 0 3 0 0 0
0 0 0 0 0 3 0 0 0
0 0 0 0 0 3 0 0 0
0 0 2 0 0 0 0 0 0
2 6 6 0 6 2 0 36 0
6
0 0 0 0 0 3 0 0 0
0 0 0 0 0 3 0 0 0
0 0 0 0 0 3 0 0 0
0 0 0 0 0 3 0 0 0
0 0 0 0 0 3 0 0 0
0 0 0 0 0 3 0 0 0
2 6 8 0 6 5 0 36 0
0
2 6 8 0 6 23 0 36 0
4
0 0 0 0 0 0 0 2 0
0 0 0 0 0 0 0 2 0
0 0 0 0 0 0 0 2 0
0 0 1 0 0 0 0 1 0
2 6 7 0 6 23 0 29 0
2
0 0 0 0 0 3 0 0 0
0 0 0 0 0 3 0 0 0
2 6 8 0 6 17 0 36 0
0
2 6 8 0 6 23 0 36 0
8
0 0 0 0 0 0 0 2 0
0 0 0 0 0 0 0 2 0
0 0 0 0 0 0 0 2 0
0 0 0 0 0 0 0 2 0
0 0 0 0 0 0 0 2 0
0 0 0 0 0 0 0 2 0
0 0 0 0 0 0 0 2 0
0 0 0 0 0 0 0 2 0
2 6 8 0 6 23 0 20 0
1
0 0 0 0 0 3 0 0 0
2 6 8 0 6 20 0 36 0
1
0 0 2 0 0 0 0 0 0
2 6 6 0 6 23 0 36 0
1
0 0 0 0 0 2 0 0 0
2 6 8 0 6 21 0 36 0
0
2 6 8 0 6 23 0 36 0
0
2 6 8 0 6 23 0 36 0
0
2 6 8 0 6 23 0 36 0
1
0 2 0 0 0 0 0 0 0
2 4 8 0 6 23 0 36 0
0
2 6 8 0 6 23 0 36 0
0
2 6 8 0 6 23 0 36 0
0
2 6 8 0 6 23 0 36 0
9
0 0 0 0 0 0 0 2 0
0 0 0 0 0 0 0 2 0
0 0 0 0 0 3 0 0 0
0 0 0 0 0 0 0 2 0
0 0 0 0 0 0 0 2 0
0 0 0 0 0 1 0 1 0
0 0 0 0 0 0 0 2 0
0 0 0 0 0 3 0 0 0
0 0 0 0 0 3 0 0 0
2 6 8 0 6 13 0 25 0
1
0 2 0 0 0 0 0 0 0
2 4 8 0 6 23 0 36 0
4
0 0 2 0 0 0 0 0 0
0 0 2 0 0 0 0 0 0
0 0 2 0 0 0 0 0 0
0 0 0 0 0 3 0 0 0
2 6 2 0 6 20 0 36 0
2
0 0 2 0 0 0 0 0 0
0 0 2 0 0 0 0 0 0
2 6 4 0 6 23 0 36 0
6
0 0 0 0 0 0 0 2 0
0 0 0 0 0 0 0 2 0
0 0 0 0 0 0 0 2 0
0 0 0 0 0 0 0 2 0
0 0 0 0 0 0 0 2 0
0 0 0 0 0 0 0 2 0
2 6 8 0 6 23 0 24 0
2
0 0 2 0 0 0 0 0 0
0 0 0 0 0 0 0 2 0
2 6 6 0 6 23 0 34 0
0
2 6 8 0 6 23 0 36 0
11
0 0 0 0 0 0 0 2 0
0 0 0 0 0 0 0 2 0
0 0 0 0 0 0 0 2 0
0 0 0 0 0 0 0 2 0
0 0 0 0 0 0 0 2 0
0 0 0 0 0 0 0 2 0
0 0 0 0 0 0 0 2 0
0 0 0 0 0 0 0 2 0
0 0 0 0 0 0 0 2 0
0 0 0 0 0 0 0 2 0
0 0 0 0 0 0 0 2 0
2 6 8 0 6 23 0 14 0
0
2 6 8 0 6 23 0 36 0
2
0 0 0 0 0 3 0 0 0
0 0 0 0 0 3 0 0 0
2 6 8 0 6 17 0 36 0
2
0 0 2 0 0 0 0 0 0
0 0 2 0 0 0 0 0 0
2 6 4 0 6 23 0 36 0
0
2 6 8 0 6 23 0 36 0
0
2 6 8 0 6 23 0 36 0
0
2 6 8 0 6 23 0 36 0
0
2 6 8 0 6 23 0 36 0
0
2 6 8 0 6 23 0 36 0
8
0 0 0 0 0 0 0 2 0
0 0 0 0 0 3 0 0 0
0 2 0 0 0 0 0 0 0
0 0 0 0 0 0 0 2 0
0 0 0 0 0 1 0 1 0
0 0 0 0 0 0 0 2 0
0 0 0 0 0 1 0 1 0
0 2 0 0 0 0 0 0 0
2 2 8 0 6 18 0 28 0
1
0 0 0 0 0 2 0 0 0
2 6 8 0 6 21 0 36 0
1
0 0 0 0 0 3 0 0 0
2 6 8 0 6 20 0 36 0
3
0 0 2 0 0 0 0 0 0
0 0 2 0 0 0 0 0 0
0 0 2 0 0 0 0 0 0
2 6 2 0 6 23 0 36 0
1
0 0 2 0 0 0 0 0 0
2 6 6 0 6 23 0 36 0
0
2 6 8 0 6 23 0 36 0
2
0 0 2 0 0 0 0 0 0
0 0 2 0 0 0 0 0 0
2 6 4 0 6 23 0 36 0
0
2 6 8 0 6 23 0 36 0
5
0 0 2 0 0 0 0 0 0
0 0 0 0 0 3 0 0 0
0 0 2 0 0 0 0 0 0
0 0 2 0 0 0 0 0 0
0 0 0 0 0 3 0 0 0
2 6 2 0 6 17 0 36 0
6
0 0 0 0 0 3 0 0 0
0 0 0 0 0 3 0 0 0
0 0 0 0 0 3 0 0 0
0 0 0 0 0 3 0 0 0
0 0 0 0 0 3 0 0 0
0 0 0 0 0 3 0 0 0
2 6 8 0 6 5 0 36 0
2
0 0 0 0 0 3 0 0 0
0 0 0 0 0 3 0 0 0
2 6 8 0 6 18 0 36 0
4
0 0 0 0 0 0 0 2 0
0 0 0 0 0 0 0 2 0
0 0 0 0 0 0 0 2 0
0 0 0 0 0 0 0 2 0
2 6 8 0 6 23 0 28 0
8
0 0 0 0 0 3 0 0 0
0 0 0 0 0 3 0 0 0
0 0 0 0 0 3 0 0 0
0 0 0 0 0 3 0 0 0
0 0 0 0 0 3 0 0 0
0 0 0 0 0 3 0 0 0
0 0 0 0 0 3 0 0 0
0 0 0 0 0 3 0 0 0
2 6 8 0 6 0 0 36 0
0
2 6 8 0 6 23 0 36 0
0
2 6 8 0 6 23 0 36 0
0
2 6 8 0 6 23 0 36 0
0
2 6 8 0 6 23 0 36 0
7
0 0 0 0 0 3 0 0 0
0 0 0 0 0 3 0 0 0
0 0 0 0 0 3 0 0 0
0 0 0 0 0 0 0 2 0
0 0 0 0 0 0 0 2 0
0 0 0 0 0 0 0 2 0
0 0 0 0 0 1 0 1 0
2 6 8 0 6 13 0 29 0
0
2 6 8 0 6 23 0 36 0
2
0 1 0 0 0 0 0 1 0
0 2 0 0 0 0 0 0 0
2 3 8 0 6 23 0 35 0
0
2 6 8 0 6 23 0 36 0
0
2 6 8 0 6 23 0 36 0
0
2 6 8 0 6 23 0 36 0
1
0 0 0 0 0 3 0 0 0
2 6 8 0 6 20 0 36 0
0
2 6 8 0 6 23 0 36 0
0
2 6 8 0 6 23 0 36 0
0
2 6 8 0 6 23 0 36 0
0
2 6 8 0 6 23 0 36 0
0
2 6 8 0 6 23 0 36 0
7
0 0 0 0 0 3 0 0 0
0 0 0 0 0 3 0 0 0
0 0 0 0 0 3 0 0 0
0 0 0 0 0 3 0 0 0
0 0 0 0 0 3 0 0 0
0 0 0 0 0 3 0 0 0
0 0 0 0 0 3 0 0 0
2 6 8 0 6 2 0 36 0
0
2 6 8 0 6 23 0 36 0
0
2 6 8 0 6 23 0 36 0
6
0 0 0 0 0 3 0 0 0
0 0 0 0 0 3 0 0 0
0 0 0 0 0 3 0 0 0
0 0 0 0 0 3 0 0 0
0 0 2 0 0 0 0 0 0
0 0 1 0 0 1 0 0 0
2 6 5 0 6 10 0 36 0
0
2 6 8 0 6 23 0 36 0
0
2 6 8 0 6 23 0 36 0
1
0 0 0 0 0 2 0 0 0
2 6 8 0 6 21 0 36 0
9
0 0 0 0 0 0 0 2 0
0 0 0 0 0 0 0 2 0
0 0 0 0 0 0 0 2 0
0 0 0 0 0 0 0 2 0
0 0 0 0 0 0 0 2 0
0 0 0 0 0 0 0 2 0
0 0 0 0 0 0 0 2 0
0 0 0 0 0 0 0 2 0
0 0 0 0 0 0 0 2 0
2 6 8 0 6 23 0 18 0
4
0 0 0 0 0 3 0 0 0
0 0 0 0 0 3 0 0 0
0 0 0 0 0 3 0 0 0
0 0 0 0 0 3 0 0 0
2 6 8 0 6 12 0 36 0
0
2 6 8 0 6 23 0 36 0
0
2 6 8 0 6 23 0 36 0
1
0 0 0 0 0 3 0 0 0
2 6 8 0 6 20 0 36 0
0
2 6 8 0 6 23 0 36 0
4
0 0 0 0 0 3 0 0 0
0 0 0 0 0 3 0 0 0
0 0 0 0 0 3 0 0 0
0 0 0 0 0 3 0 0 0
2 6 8 0 6 11 0 36 0
0
2 6 8 0 6 23 0 36 0
0
2 6 8 0 6 23 0 36 0
4
0 0 0 0 0 0 0 2 0
0 0 0 0 0 0 0 2 0
0 0 0 0 0 0 0 2 0
0 0 0 0 0 0 0 2 0
2 6 8 0 6 23 0 28 0
0
2 6 8 0 6 23 0 36 0
0
2 6 8 0 6 23 0 36 0
6
0 0 0 0 0 3 0 0 0
0 0 0 0 0 3 0 0 0
0 0 0 0 0 3 0 0 0
0 0 0 0 0 3 0 0 0
0 0 0 0 0 3 0 0 0
0 0 0 0 0 3 0 0 0
2 6 8 0 6 5 0 36 0
0
2 6 8 0 6 23 0 36 0
4
0 0 0 0 0 3 0 0 0
0 0 0 0 0 3 0 0 0
0 0 0 0 0 3 0 0 0
0 0 0 0 0 3 0 0 0
2 6 8 0 6 11 0 36 0
0
2 6 8 0 6 23 0 36 0
0
2 6 8 0 6 23 0 36 0
0
2 6 8 0 6 23 0 36 0
0
2 6 8 0 6 23 0 36 0
0
2 6 8 0 6 23 0 36 0
0
2 6 8 0 6 23 0 36 0
7
0 0 2 0 0 0 0 0 0
0 0 2 0 0 0 0 0 0
0 0 0 0 0 0 0 2 0
0 0 0 0 0 0 0 2 0
0 0 0 0 0 0 0 2 0
0 0 2 0 0 0 0 0 0
0 0 2 0 0 0 0 0 0
2 6 0 0 6 23 0 30 0
0
2 6 8 0 6 23 0 36 0
2
0 0 0 0 0 0 0 2 0
0 0 0 0 0 0 0 2 0
2 6 8 0 6 23 0 32 0
0
2 6 8 0 6 23 0 36 0
5
0 0 0 0 0 0 0 2 0
0 0 0 0 0 0 0 2 0
0 0 0 0 0 0 0 2 0
0 0 0 0 0 0 0 2 0
0 0 0 0 0 0 0 2 0
2 6 8 0 6 23 0 26 0
0
2 6 8 0 6 23 0 36 0
0
419170